{"/Users/davidhignett/Documents/Talisman/node_modules/talisman/lib/talisman.js":{"path":"/Users/davidhignett/Documents/Talisman/node_modules/talisman/lib/talisman.js","s":{"1":1,"2":1,"3":1,"4":1,"5":1,"6":36,"7":36,"8":36,"9":36,"10":2,"11":2,"12":2,"13":2,"14":2,"15":0,"16":2,"17":2,"18":2,"19":2,"20":1,"21":1,"22":1,"23":1,"24":30,"25":30,"26":30,"27":30,"28":5,"29":5,"30":5,"31":5,"32":6,"33":6,"34":6,"35":6,"36":1,"37":1,"38":1,"39":1,"40":1,"41":1,"42":1,"43":1,"44":2,"45":34,"46":34,"47":34,"48":143,"49":34,"50":34,"51":1,"52":0,"53":0,"54":0,"55":36,"56":36,"57":1,"58":3,"59":1,"60":33,"61":1},"b":{"1":[2,0],"2":[2,0],"3":[1,0],"4":[30,0],"5":[5,0],"6":[6,0],"7":[1,0],"8":[1,0],"9":[1,33],"10":[0,0]},"f":{"1":36,"2":2,"3":2,"4":1,"5":30,"6":5,"7":6,"8":1,"9":1,"10":2,"11":34,"12":3,"13":33},"fnMap":{"1":{"name":"createTemplate","line":34,"loc":{"start":{"line":34,"column":0},"end":{"line":34,"column":47}}},"2":{"name":"(anonymous_2)","line":53,"loc":{"start":{"line":53,"column":16},"end":{"line":53,"column":47}}},"3":{"name":"(anonymous_3)","line":74,"loc":{"start":{"line":74,"column":18},"end":{"line":74,"column":30}}},"4":{"name":"(anonymous_4)","line":93,"loc":{"start":{"line":93,"column":19},"end":{"line":93,"column":31}}},"5":{"name":"(anonymous_5)","line":113,"loc":{"start":{"line":113,"column":15},"end":{"line":113,"column":33}}},"6":{"name":"(anonymous_6)","line":133,"loc":{"start":{"line":133,"column":23},"end":{"line":133,"column":41}}},"7":{"name":"(anonymous_7)","line":159,"loc":{"start":{"line":159,"column":19},"end":{"line":159,"column":41}}},"8":{"name":"(anonymous_8)","line":179,"loc":{"start":{"line":179,"column":22},"end":{"line":179,"column":40}}},"9":{"name":"(anonymous_9)","line":200,"loc":{"start":{"line":200,"column":21},"end":{"line":200,"column":42}}},"10":{"name":"(anonymous_10)","line":218,"loc":{"start":{"line":218,"column":20},"end":{"line":218,"column":23}}},"11":{"name":"(anonymous_11)","line":231,"loc":{"start":{"line":231,"column":20},"end":{"line":231,"column":25}}},"12":{"name":"createTemplateFromFile","line":271,"loc":{"start":{"line":271,"column":0},"end":{"line":271,"column":42}}},"13":{"name":"createTemplateFromString","line":284,"loc":{"start":{"line":284,"column":0},"end":{"line":284,"column":50}}}},"statementMap":{"1":{"start":{"line":12,"column":0},"end":{"line":12,"column":46}},"2":{"start":{"line":13,"column":0},"end":{"line":13,"column":43}},"3":{"start":{"line":14,"column":0},"end":{"line":14,"column":51}},"4":{"start":{"line":16,"column":0},"end":{"line":16,"column":39}},"5":{"start":{"line":34,"column":0},"end":{"line":260,"column":1}},"6":{"start":{"line":35,"column":4},"end":{"line":259,"column":7}},"7":{"start":{"line":37,"column":8},"end":{"line":37,"column":41}},"8":{"start":{"line":38,"column":8},"end":{"line":38,"column":47}},"9":{"start":{"line":40,"column":8},"end":{"line":255,"column":10}},"10":{"start":{"line":54,"column":16},"end":{"line":62,"column":19}},"11":{"start":{"line":56,"column":20},"end":{"line":56,"column":63}},"12":{"start":{"line":57,"column":20},"end":{"line":59,"column":21}},"13":{"start":{"line":58,"column":24},"end":{"line":58,"column":81}},"14":{"start":{"line":58,"column":76},"end":{"line":58,"column":79}},"15":{"start":{"line":61,"column":20},"end":{"line":61,"column":31}},"16":{"start":{"line":76,"column":16},"end":{"line":76,"column":59}},"17":{"start":{"line":77,"column":16},"end":{"line":79,"column":17}},"18":{"start":{"line":78,"column":20},"end":{"line":78,"column":48}},"19":{"start":{"line":81,"column":16},"end":{"line":81,"column":27}},"20":{"start":{"line":95,"column":16},"end":{"line":95,"column":59}},"21":{"start":{"line":96,"column":16},"end":{"line":98,"column":17}},"22":{"start":{"line":97,"column":20},"end":{"line":97,"column":47}},"23":{"start":{"line":100,"column":16},"end":{"line":100,"column":27}},"24":{"start":{"line":115,"column":16},"end":{"line":115,"column":59}},"25":{"start":{"line":116,"column":16},"end":{"line":118,"column":17}},"26":{"start":{"line":117,"column":20},"end":{"line":117,"column":46}},"27":{"start":{"line":120,"column":16},"end":{"line":120,"column":27}},"28":{"start":{"line":135,"column":16},"end":{"line":135,"column":59}},"29":{"start":{"line":136,"column":16},"end":{"line":138,"column":17}},"30":{"start":{"line":137,"column":20},"end":{"line":137,"column":47}},"31":{"start":{"line":140,"column":16},"end":{"line":140,"column":27}},"32":{"start":{"line":161,"column":16},"end":{"line":161,"column":59}},"33":{"start":{"line":162,"column":16},"end":{"line":164,"column":17}},"34":{"start":{"line":163,"column":20},"end":{"line":163,"column":45}},"35":{"start":{"line":166,"column":16},"end":{"line":166,"column":27}},"36":{"start":{"line":181,"column":16},"end":{"line":181,"column":59}},"37":{"start":{"line":182,"column":16},"end":{"line":184,"column":17}},"38":{"start":{"line":183,"column":20},"end":{"line":183,"column":44}},"39":{"start":{"line":186,"column":16},"end":{"line":186,"column":27}},"40":{"start":{"line":202,"column":16},"end":{"line":202,"column":59}},"41":{"start":{"line":203,"column":16},"end":{"line":205,"column":17}},"42":{"start":{"line":204,"column":20},"end":{"line":204,"column":46}},"43":{"start":{"line":207,"column":16},"end":{"line":207,"column":27}},"44":{"start":{"line":219,"column":16},"end":{"line":219,"column":38}},"45":{"start":{"line":233,"column":16},"end":{"line":253,"column":19}},"46":{"start":{"line":235,"column":20},"end":{"line":235,"column":37}},"47":{"start":{"line":237,"column":20},"end":{"line":252,"column":27}},"48":{"start":{"line":239,"column":28},"end":{"line":239,"column":45}},"49":{"start":{"line":242,"column":28},"end":{"line":242,"column":45}},"50":{"start":{"line":243,"column":28},"end":{"line":245,"column":29}},"51":{"start":{"line":244,"column":32},"end":{"line":244,"column":55}},"52":{"start":{"line":248,"column":28},"end":{"line":248,"column":42}},"53":{"start":{"line":249,"column":28},"end":{"line":251,"column":29}},"54":{"start":{"line":250,"column":32},"end":{"line":250,"column":42}},"55":{"start":{"line":258,"column":8},"end":{"line":258,"column":45}},"56":{"start":{"line":258,"column":40},"end":{"line":258,"column":43}},"57":{"start":{"line":271,"column":0},"end":{"line":273,"column":1}},"58":{"start":{"line":272,"column":4},"end":{"line":272,"column":54}},"59":{"start":{"line":284,"column":0},"end":{"line":286,"column":1}},"60":{"start":{"line":285,"column":4},"end":{"line":285,"column":59}},"61":{"start":{"line":289,"column":0},"end":{"line":292,"column":2}}},"branchMap":{"1":{"line":57,"type":"if","locations":[{"start":{"line":57,"column":20},"end":{"line":57,"column":20}},{"start":{"line":57,"column":20},"end":{"line":57,"column":20}}]},"2":{"line":77,"type":"if","locations":[{"start":{"line":77,"column":16},"end":{"line":77,"column":16}},{"start":{"line":77,"column":16},"end":{"line":77,"column":16}}]},"3":{"line":96,"type":"if","locations":[{"start":{"line":96,"column":16},"end":{"line":96,"column":16}},{"start":{"line":96,"column":16},"end":{"line":96,"column":16}}]},"4":{"line":116,"type":"if","locations":[{"start":{"line":116,"column":16},"end":{"line":116,"column":16}},{"start":{"line":116,"column":16},"end":{"line":116,"column":16}}]},"5":{"line":136,"type":"if","locations":[{"start":{"line":136,"column":16},"end":{"line":136,"column":16}},{"start":{"line":136,"column":16},"end":{"line":136,"column":16}}]},"6":{"line":162,"type":"if","locations":[{"start":{"line":162,"column":16},"end":{"line":162,"column":16}},{"start":{"line":162,"column":16},"end":{"line":162,"column":16}}]},"7":{"line":182,"type":"if","locations":[{"start":{"line":182,"column":16},"end":{"line":182,"column":16}},{"start":{"line":182,"column":16},"end":{"line":182,"column":16}}]},"8":{"line":203,"type":"if","locations":[{"start":{"line":203,"column":16},"end":{"line":203,"column":16}},{"start":{"line":203,"column":16},"end":{"line":203,"column":16}}]},"9":{"line":243,"type":"if","locations":[{"start":{"line":243,"column":28},"end":{"line":243,"column":28}},{"start":{"line":243,"column":28},"end":{"line":243,"column":28}}]},"10":{"line":249,"type":"if","locations":[{"start":{"line":249,"column":28},"end":{"line":249,"column":28}},{"start":{"line":249,"column":28},"end":{"line":249,"column":28}}]}}},"/Users/davidhignett/Documents/Talisman/node_modules/talisman/lib/Block.js":{"path":"/Users/davidhignett/Documents/Talisman/node_modules/talisman/lib/Block.js","s":{"1":1,"2":52,"3":52,"4":52,"5":52,"6":52,"7":52,"8":52,"9":52,"10":52,"11":52,"12":52,"13":52,"14":52,"15":52,"16":1,"17":1,"18":1,"19":52,"20":52,"21":14,"22":14,"23":14,"24":52,"25":48,"26":96,"27":48,"28":41,"29":41,"30":1,"31":1,"32":40,"33":41,"34":5,"35":5,"36":16,"37":16,"38":16,"39":16,"40":6,"41":1,"42":3,"43":113,"44":94,"45":94,"46":52,"47":1},"b":{"1":[52,36],"2":[52,36],"3":[52,36],"4":[1,40]},"f":{"1":52,"2":48,"3":41,"4":5,"5":16,"6":6,"7":1,"8":3,"9":113,"10":94,"11":52},"fnMap":{"1":{"name":"(anonymous_1)","line":29,"loc":{"start":{"line":29,"column":15},"end":{"line":29,"column":52}}},"2":{"name":"(anonymous_2)","line":104,"loc":{"start":{"line":104,"column":14},"end":{"line":104,"column":26}}},"3":{"name":"(anonymous_3)","line":117,"loc":{"start":{"line":117,"column":16},"end":{"line":117,"column":23}}},"4":{"name":"(anonymous_4)","line":141,"loc":{"start":{"line":141,"column":17},"end":{"line":141,"column":23}}},"5":{"name":"(anonymous_5)","line":155,"loc":{"start":{"line":155,"column":12},"end":{"line":155,"column":28}}},"6":{"name":"(anonymous_6)","line":172,"loc":{"start":{"line":172,"column":11},"end":{"line":172,"column":22}}},"7":{"name":"(anonymous_7)","line":184,"loc":{"start":{"line":184,"column":14},"end":{"line":184,"column":21}}},"8":{"name":"(anonymous_8)","line":196,"loc":{"start":{"line":196,"column":17},"end":{"line":196,"column":29}}},"9":{"name":"(anonymous_9)","line":208,"loc":{"start":{"line":208,"column":13},"end":{"line":208,"column":17}}},"10":{"name":"(anonymous_10)","line":219,"loc":{"start":{"line":219,"column":9},"end":{"line":219,"column":12}}},"11":{"name":"(anonymous_11)","line":230,"loc":{"start":{"line":230,"column":10},"end":{"line":230,"column":13}}}},"statementMap":{"1":{"start":{"line":13,"column":0},"end":{"line":13,"column":48}},"2":{"start":{"line":32,"column":8},"end":{"line":32,"column":26}},"3":{"start":{"line":35,"column":8},"end":{"line":35,"column":25}},"4":{"start":{"line":39,"column":8},"end":{"line":39,"column":42}},"5":{"start":{"line":40,"column":8},"end":{"line":40,"column":41}},"6":{"start":{"line":43,"column":8},"end":{"line":43,"column":55}},"7":{"start":{"line":46,"column":8},"end":{"line":46,"column":59}},"8":{"start":{"line":49,"column":8},"end":{"line":49,"column":79}},"9":{"start":{"line":52,"column":8},"end":{"line":52,"column":29}},"10":{"start":{"line":55,"column":8},"end":{"line":55,"column":48}},"11":{"start":{"line":56,"column":8},"end":{"line":56,"column":50}},"12":{"start":{"line":60,"column":8},"end":{"line":60,"column":36}},"13":{"start":{"line":63,"column":8},"end":{"line":63,"column":30}},"14":{"start":{"line":66,"column":8},"end":{"line":90,"column":11}},"15":{"start":{"line":69,"column":12},"end":{"line":73,"column":15}},"16":{"start":{"line":70,"column":16},"end":{"line":70,"column":63}},"17":{"start":{"line":71,"column":16},"end":{"line":71,"column":54}},"18":{"start":{"line":72,"column":16},"end":{"line":72,"column":44}},"19":{"start":{"line":78,"column":12},"end":{"line":78,"column":53}},"20":{"start":{"line":83,"column":12},"end":{"line":89,"column":15}},"21":{"start":{"line":85,"column":16},"end":{"line":85,"column":69}},"22":{"start":{"line":86,"column":16},"end":{"line":86,"column":38}},"23":{"start":{"line":88,"column":16},"end":{"line":88,"column":42}},"24":{"start":{"line":93,"column":8},"end":{"line":93,"column":37}},"25":{"start":{"line":105,"column":8},"end":{"line":105,"column":82}},"26":{"start":{"line":105,"column":67},"end":{"line":105,"column":70}},"27":{"start":{"line":106,"column":8},"end":{"line":106,"column":41}},"28":{"start":{"line":119,"column":8},"end":{"line":127,"column":11}},"29":{"start":{"line":120,"column":12},"end":{"line":126,"column":13}},"30":{"start":{"line":121,"column":16},"end":{"line":123,"column":19}},"31":{"start":{"line":122,"column":20},"end":{"line":122,"column":37}},"32":{"start":{"line":125,"column":16},"end":{"line":125,"column":47}},"33":{"start":{"line":129,"column":8},"end":{"line":129,"column":30}},"34":{"start":{"line":142,"column":8},"end":{"line":142,"column":47}},"35":{"start":{"line":143,"column":8},"end":{"line":143,"column":40}},"36":{"start":{"line":156,"column":8},"end":{"line":160,"column":11}},"37":{"start":{"line":157,"column":12},"end":{"line":157,"column":57}},"38":{"start":{"line":158,"column":12},"end":{"line":158,"column":95}},"39":{"start":{"line":159,"column":12},"end":{"line":159,"column":35}},"40":{"start":{"line":173,"column":8},"end":{"line":173,"column":30}},"41":{"start":{"line":185,"column":8},"end":{"line":185,"column":32}},"42":{"start":{"line":197,"column":8},"end":{"line":197,"column":37}},"43":{"start":{"line":209,"column":8},"end":{"line":209,"column":32}},"44":{"start":{"line":220,"column":8},"end":{"line":220,"column":69}},"45":{"start":{"line":220,"column":55},"end":{"line":220,"column":67}},"46":{"start":{"line":231,"column":8},"end":{"line":231,"column":34}},"47":{"start":{"line":236,"column":0},"end":{"line":236,"column":29}}},"branchMap":{"1":{"line":39,"type":"binary-expr","locations":[{"start":{"line":39,"column":22},"end":{"line":39,"column":28}},{"start":{"line":39,"column":32},"end":{"line":39,"column":41}}]},"2":{"line":55,"type":"binary-expr","locations":[{"start":{"line":55,"column":34},"end":{"line":55,"column":38}},{"start":{"line":55,"column":42},"end":{"line":55,"column":46}}]},"3":{"line":56,"type":"binary-expr","locations":[{"start":{"line":56,"column":35},"end":{"line":56,"column":40}},{"start":{"line":56,"column":44},"end":{"line":56,"column":48}}]},"4":{"line":120,"type":"if","locations":[{"start":{"line":120,"column":12},"end":{"line":120,"column":12}},{"start":{"line":120,"column":12},"end":{"line":120,"column":12}}]}}},"/Users/davidhignett/Documents/Talisman/node_modules/talisman/lib/Renderer.js":{"path":"/Users/davidhignett/Documents/Talisman/node_modules/talisman/lib/Renderer.js","s":{"1":1,"2":1,"3":1,"4":1,"5":63,"6":63,"7":63,"8":1,"9":11,"10":11,"11":11,"12":11,"13":11,"14":11,"15":11,"16":63,"17":63,"18":58,"19":58,"20":58,"21":0,"22":0,"23":5,"24":2,"25":2,"26":8,"27":2,"28":6,"29":6,"30":6,"31":2,"32":3,"33":2,"34":1,"35":1,"36":1,"37":5,"38":5,"39":1,"40":1,"41":0,"42":2,"43":470,"44":470,"45":340,"46":8,"47":8,"48":8,"49":4,"50":8,"51":8,"52":1,"53":7,"54":277,"55":277,"56":136,"57":141,"58":3,"59":138,"60":16,"61":122,"62":15,"63":107,"64":73,"65":73,"66":7,"67":73,"68":34,"69":5,"70":29,"71":200,"72":1,"73":199,"74":199,"75":23,"76":176,"77":31,"78":31,"79":0,"80":62,"81":145,"82":39,"83":145,"84":4,"85":6,"86":5,"87":145,"88":9,"89":145,"90":0,"91":1},"b":{"1":[58,5],"2":[2,3],"3":[2,6],"4":[2,1],"5":[1,1],"6":[470,444,133],"7":[340,337],"8":[4,4],"9":[1,7],"10":[136,141],"11":[3,138],"12":[16,122],"13":[138,117],"14":[15,107],"15":[73,34],"16":[107,86],"17":[7,66],"18":[5,29],"19":[1,199],"20":[23,176],"21":[199,199],"22":[31,145],"23":[39,106],"24":[145,48],"25":[4,141],"26":[5,1],"27":[9,136]},"f":{"1":63,"2":11,"3":8,"4":5,"5":470,"6":340,"7":8,"8":277,"9":200},"fnMap":{"1":{"name":"(anonymous_1)","line":36,"loc":{"start":{"line":36,"column":15},"end":{"line":36,"column":23}}},"2":{"name":"createRowBlock","line":49,"loc":{"start":{"line":49,"column":8},"end":{"line":49,"column":38}}},"3":{"name":"(anonymous_3)","line":91,"loc":{"start":{"line":91,"column":36},"end":{"line":91,"column":48}}},"4":{"name":"(anonymous_4)","line":118,"loc":{"start":{"line":118,"column":47},"end":{"line":118,"column":76}}},"5":{"name":"(anonymous_5)","line":144,"loc":{"start":{"line":144,"column":20},"end":{"line":144,"column":28}}},"6":{"name":"(anonymous_6)","line":157,"loc":{"start":{"line":157,"column":21},"end":{"line":157,"column":29}}},"7":{"name":"(anonymous_7)","line":168,"loc":{"start":{"line":168,"column":20},"end":{"line":168,"column":45}}},"8":{"name":"(anonymous_8)","line":187,"loc":{"start":{"line":187,"column":18},"end":{"line":187,"column":28}}},"9":{"name":"(anonymous_9)","line":242,"loc":{"start":{"line":242,"column":14},"end":{"line":242,"column":38}}}},"statementMap":{"1":{"start":{"line":12,"column":0},"end":{"line":12,"column":42}},"2":{"start":{"line":13,"column":0},"end":{"line":13,"column":52}},"3":{"start":{"line":14,"column":0},"end":{"line":14,"column":50}},"4":{"start":{"line":15,"column":0},"end":{"line":15,"column":57}},"5":{"start":{"line":39,"column":8},"end":{"line":39,"column":34}},"6":{"start":{"line":43,"column":8},"end":{"line":43,"column":27}},"7":{"start":{"line":48,"column":8},"end":{"line":48,"column":24}},"8":{"start":{"line":49,"column":8},"end":{"line":68,"column":9}},"9":{"start":{"line":52,"column":12},"end":{"line":52,"column":47}},"10":{"start":{"line":56,"column":12},"end":{"line":56,"column":42}},"11":{"start":{"line":59,"column":12},"end":{"line":59,"column":41}},"12":{"start":{"line":62,"column":12},"end":{"line":62,"column":51}},"13":{"start":{"line":63,"column":12},"end":{"line":63,"column":37}},"14":{"start":{"line":66,"column":12},"end":{"line":66,"column":25}},"15":{"start":{"line":67,"column":12},"end":{"line":67,"column":25}},"16":{"start":{"line":71,"column":8},"end":{"line":133,"column":35}},"17":{"start":{"line":72,"column":12},"end":{"line":131,"column":13}},"18":{"start":{"line":76,"column":16},"end":{"line":82,"column":19}},"19":{"start":{"line":77,"column":20},"end":{"line":77,"column":70}},"20":{"start":{"line":78,"column":20},"end":{"line":78,"column":83}},"21":{"start":{"line":78,"column":49},"end":{"line":78,"column":70}},"22":{"start":{"line":81,"column":20},"end":{"line":81,"column":31}},"23":{"start":{"line":84,"column":19},"end":{"line":131,"column":13}},"24":{"start":{"line":90,"column":16},"end":{"line":90,"column":75}},"25":{"start":{"line":91,"column":16},"end":{"line":104,"column":18}},"26":{"start":{"line":94,"column":20},"end":{"line":96,"column":21}},"27":{"start":{"line":95,"column":24},"end":{"line":95,"column":47}},"28":{"start":{"line":99,"column":20},"end":{"line":99,"column":45}},"29":{"start":{"line":100,"column":20},"end":{"line":100,"column":69}},"30":{"start":{"line":103,"column":20},"end":{"line":103,"column":38}},"31":{"start":{"line":107,"column":16},"end":{"line":107,"column":39}},"32":{"start":{"line":109,"column":19},"end":{"line":131,"column":13}},"33":{"start":{"line":112,"column":16},"end":{"line":114,"column":17}},"34":{"start":{"line":113,"column":20},"end":{"line":113,"column":79}},"35":{"start":{"line":117,"column":16},"end":{"line":117,"column":82}},"36":{"start":{"line":118,"column":16},"end":{"line":121,"column":18}},"37":{"start":{"line":119,"column":20},"end":{"line":119,"column":69}},"38":{"start":{"line":120,"column":20},"end":{"line":120,"column":44}},"39":{"start":{"line":124,"column":16},"end":{"line":124,"column":56}},"40":{"start":{"line":129,"column":16},"end":{"line":129,"column":108}},"41":{"start":{"line":130,"column":16},"end":{"line":130,"column":27}},"42":{"start":{"line":133,"column":23},"end":{"line":133,"column":33}},"43":{"start":{"line":145,"column":8},"end":{"line":145,"column":83}},"44":{"start":{"line":146,"column":8},"end":{"line":146,"column":21}},"45":{"start":{"line":158,"column":8},"end":{"line":158,"column":53}},"46":{"start":{"line":169,"column":8},"end":{"line":169,"column":43}},"47":{"start":{"line":170,"column":8},"end":{"line":170,"column":31}},"48":{"start":{"line":171,"column":8},"end":{"line":173,"column":9}},"49":{"start":{"line":172,"column":12},"end":{"line":172,"column":36}},"50":{"start":{"line":174,"column":8},"end":{"line":174,"column":41}},"51":{"start":{"line":175,"column":8},"end":{"line":177,"column":9}},"52":{"start":{"line":176,"column":12},"end":{"line":176,"column":63}},"53":{"start":{"line":178,"column":8},"end":{"line":178,"column":25}},"54":{"start":{"line":188,"column":8},"end":{"line":229,"column":11}},"55":{"start":{"line":191,"column":12},"end":{"line":193,"column":13}},"56":{"start":{"line":192,"column":16},"end":{"line":192,"column":31}},"57":{"start":{"line":196,"column":12},"end":{"line":198,"column":13}},"58":{"start":{"line":197,"column":16},"end":{"line":197,"column":26}},"59":{"start":{"line":201,"column":12},"end":{"line":203,"column":13}},"60":{"start":{"line":202,"column":16},"end":{"line":202,"column":40}},"61":{"start":{"line":206,"column":12},"end":{"line":208,"column":13}},"62":{"start":{"line":207,"column":16},"end":{"line":207,"column":31}},"63":{"start":{"line":211,"column":12},"end":{"line":220,"column":13}},"64":{"start":{"line":212,"column":16},"end":{"line":212,"column":57}},"65":{"start":{"line":214,"column":16},"end":{"line":218,"column":17}},"66":{"start":{"line":217,"column":20},"end":{"line":217,"column":74}},"67":{"start":{"line":219,"column":16},"end":{"line":219,"column":49}},"68":{"start":{"line":223,"column":12},"end":{"line":225,"column":13}},"69":{"start":{"line":224,"column":16},"end":{"line":224,"column":54}},"70":{"start":{"line":228,"column":12},"end":{"line":228,"column":27}},"71":{"start":{"line":245,"column":8},"end":{"line":247,"column":9}},"72":{"start":{"line":246,"column":12},"end":{"line":246,"column":35}},"73":{"start":{"line":250,"column":8},"end":{"line":289,"column":45}},"74":{"start":{"line":255,"column":12},"end":{"line":257,"column":13}},"75":{"start":{"line":256,"column":16},"end":{"line":256,"column":30}},"76":{"start":{"line":260,"column":12},"end":{"line":264,"column":13}},"77":{"start":{"line":261,"column":16},"end":{"line":263,"column":59}},"78":{"start":{"line":261,"column":44},"end":{"line":261,"column":50}},"79":{"start":{"line":262,"column":38},"end":{"line":262,"column":59}},"80":{"start":{"line":263,"column":41},"end":{"line":263,"column":57}},"81":{"start":{"line":267,"column":12},"end":{"line":269,"column":13}},"82":{"start":{"line":268,"column":16},"end":{"line":268,"column":40}},"83":{"start":{"line":273,"column":12},"end":{"line":279,"column":13}},"84":{"start":{"line":274,"column":16},"end":{"line":278,"column":19}},"85":{"start":{"line":275,"column":20},"end":{"line":277,"column":21}},"86":{"start":{"line":276,"column":24},"end":{"line":276,"column":60}},"87":{"start":{"line":282,"column":12},"end":{"line":284,"column":13}},"88":{"start":{"line":283,"column":16},"end":{"line":283,"column":39}},"89":{"start":{"line":287,"column":12},"end":{"line":287,"column":34}},"90":{"start":{"line":289,"column":22},"end":{"line":289,"column":43}},"91":{"start":{"line":294,"column":0},"end":{"line":294,"column":35}}},"branchMap":{"1":{"line":72,"type":"if","locations":[{"start":{"line":72,"column":12},"end":{"line":72,"column":12}},{"start":{"line":72,"column":12},"end":{"line":72,"column":12}}]},"2":{"line":84,"type":"if","locations":[{"start":{"line":84,"column":19},"end":{"line":84,"column":19}},{"start":{"line":84,"column":19},"end":{"line":84,"column":19}}]},"3":{"line":94,"type":"if","locations":[{"start":{"line":94,"column":20},"end":{"line":94,"column":20}},{"start":{"line":94,"column":20},"end":{"line":94,"column":20}}]},"4":{"line":109,"type":"if","locations":[{"start":{"line":109,"column":19},"end":{"line":109,"column":19}},{"start":{"line":109,"column":19},"end":{"line":109,"column":19}}]},"5":{"line":112,"type":"if","locations":[{"start":{"line":112,"column":16},"end":{"line":112,"column":16}},{"start":{"line":112,"column":16},"end":{"line":112,"column":16}}]},"6":{"line":145,"type":"binary-expr","locations":[{"start":{"line":145,"column":20},"end":{"line":145,"column":25}},{"start":{"line":145,"column":30},"end":{"line":145,"column":55}},{"start":{"line":145,"column":59},"end":{"line":145,"column":81}}]},"7":{"line":158,"type":"binary-expr","locations":[{"start":{"line":158,"column":15},"end":{"line":158,"column":34}},{"start":{"line":158,"column":38},"end":{"line":158,"column":52}}]},"8":{"line":171,"type":"if","locations":[{"start":{"line":171,"column":8},"end":{"line":171,"column":8}},{"start":{"line":171,"column":8},"end":{"line":171,"column":8}}]},"9":{"line":175,"type":"if","locations":[{"start":{"line":175,"column":8},"end":{"line":175,"column":8}},{"start":{"line":175,"column":8},"end":{"line":175,"column":8}}]},"10":{"line":191,"type":"if","locations":[{"start":{"line":191,"column":12},"end":{"line":191,"column":12}},{"start":{"line":191,"column":12},"end":{"line":191,"column":12}}]},"11":{"line":196,"type":"if","locations":[{"start":{"line":196,"column":12},"end":{"line":196,"column":12}},{"start":{"line":196,"column":12},"end":{"line":196,"column":12}}]},"12":{"line":201,"type":"if","locations":[{"start":{"line":201,"column":12},"end":{"line":201,"column":12}},{"start":{"line":201,"column":12},"end":{"line":201,"column":12}}]},"13":{"line":201,"type":"binary-expr","locations":[{"start":{"line":201,"column":16},"end":{"line":201,"column":23}},{"start":{"line":201,"column":27},"end":{"line":201,"column":49}}]},"14":{"line":206,"type":"if","locations":[{"start":{"line":206,"column":12},"end":{"line":206,"column":12}},{"start":{"line":206,"column":12},"end":{"line":206,"column":12}}]},"15":{"line":211,"type":"if","locations":[{"start":{"line":211,"column":12},"end":{"line":211,"column":12}},{"start":{"line":211,"column":12},"end":{"line":211,"column":12}}]},"16":{"line":211,"type":"binary-expr","locations":[{"start":{"line":211,"column":16},"end":{"line":211,"column":23}},{"start":{"line":211,"column":27},"end":{"line":211,"column":47}}]},"17":{"line":214,"type":"if","locations":[{"start":{"line":214,"column":16},"end":{"line":214,"column":16}},{"start":{"line":214,"column":16},"end":{"line":214,"column":16}}]},"18":{"line":223,"type":"if","locations":[{"start":{"line":223,"column":12},"end":{"line":223,"column":12}},{"start":{"line":223,"column":12},"end":{"line":223,"column":12}}]},"19":{"line":245,"type":"if","locations":[{"start":{"line":245,"column":8},"end":{"line":245,"column":8}},{"start":{"line":245,"column":8},"end":{"line":245,"column":8}}]},"20":{"line":255,"type":"if","locations":[{"start":{"line":255,"column":12},"end":{"line":255,"column":12}},{"start":{"line":255,"column":12},"end":{"line":255,"column":12}}]},"21":{"line":255,"type":"binary-expr","locations":[{"start":{"line":255,"column":16},"end":{"line":255,"column":53}},{"start":{"line":255,"column":57},"end":{"line":255,"column":68}}]},"22":{"line":260,"type":"if","locations":[{"start":{"line":260,"column":12},"end":{"line":260,"column":12}},{"start":{"line":260,"column":12},"end":{"line":260,"column":12}}]},"23":{"line":267,"type":"if","locations":[{"start":{"line":267,"column":12},"end":{"line":267,"column":12}},{"start":{"line":267,"column":12},"end":{"line":267,"column":12}}]},"24":{"line":267,"type":"binary-expr","locations":[{"start":{"line":267,"column":16},"end":{"line":267,"column":39}},{"start":{"line":267,"column":43},"end":{"line":267,"column":79}}]},"25":{"line":273,"type":"if","locations":[{"start":{"line":273,"column":12},"end":{"line":273,"column":12}},{"start":{"line":273,"column":12},"end":{"line":273,"column":12}}]},"26":{"line":275,"type":"if","locations":[{"start":{"line":275,"column":20},"end":{"line":275,"column":20}},{"start":{"line":275,"column":20},"end":{"line":275,"column":20}}]},"27":{"line":282,"type":"if","locations":[{"start":{"line":282,"column":12},"end":{"line":282,"column":12}},{"start":{"line":282,"column":12},"end":{"line":282,"column":12}}]}}},"/Users/davidhignett/Documents/Talisman/node_modules/talisman/lib/RenderQueue.js":{"path":"/Users/davidhignett/Documents/Talisman/node_modules/talisman/lib/RenderQueue.js","s":{"1":1,"2":58,"3":58,"4":174,"5":58,"6":116,"7":116,"8":116,"9":43,"10":43,"11":43,"12":73,"13":73,"14":73,"15":17,"16":16,"17":1,"18":1,"19":56,"20":1,"21":73,"22":73,"23":4,"24":4,"25":73,"26":7,"27":7,"28":73,"29":73,"30":73,"31":73,"32":1},"b":{"1":[58,116],"2":[43,73],"3":[17,56],"4":[16,1],"5":[1,55],"6":[4,69],"7":[7,66]},"f":{"1":58,"2":174},"fnMap":{"1":{"name":"(anonymous_1)","line":32,"loc":{"start":{"line":32,"column":15},"end":{"line":32,"column":30}}},"2":{"name":"(anonymous_2)","line":44,"loc":{"start":{"line":44,"column":9},"end":{"line":44,"column":12}}}},"statementMap":{"1":{"start":{"line":12,"column":0},"end":{"line":12,"column":50}},"2":{"start":{"line":33,"column":8},"end":{"line":33,"column":34}},"3":{"start":{"line":34,"column":8},"end":{"line":34,"column":41}},"4":{"start":{"line":47,"column":8},"end":{"line":49,"column":9}},"5":{"start":{"line":48,"column":12},"end":{"line":48,"column":35}},"6":{"start":{"line":52,"column":8},"end":{"line":52,"column":74}},"7":{"start":{"line":53,"column":8},"end":{"line":53,"column":56}},"8":{"start":{"line":57,"column":8},"end":{"line":61,"column":9}},"9":{"start":{"line":58,"column":12},"end":{"line":58,"column":41}},"10":{"start":{"line":59,"column":12},"end":{"line":59,"column":35}},"11":{"start":{"line":60,"column":12},"end":{"line":60,"column":19}},"12":{"start":{"line":64,"column":8},"end":{"line":64,"column":40}},"13":{"start":{"line":65,"column":8},"end":{"line":65,"column":26}},"14":{"start":{"line":78,"column":8},"end":{"line":87,"column":9}},"15":{"start":{"line":79,"column":12},"end":{"line":84,"column":13}},"16":{"start":{"line":80,"column":16},"end":{"line":80,"column":31}},"17":{"start":{"line":82,"column":16},"end":{"line":82,"column":46}},"18":{"start":{"line":83,"column":16},"end":{"line":83,"column":33}},"19":{"start":{"line":85,"column":15},"end":{"line":87,"column":9}},"20":{"start":{"line":86,"column":12},"end":{"line":86,"column":63}},"21":{"start":{"line":90,"column":8},"end":{"line":94,"column":10}},"22":{"start":{"line":98,"column":8},"end":{"line":101,"column":9}},"23":{"start":{"line":99,"column":12},"end":{"line":99,"column":44}},"24":{"start":{"line":100,"column":12},"end":{"line":100,"column":41}},"25":{"start":{"line":105,"column":8},"end":{"line":108,"column":9}},"26":{"start":{"line":106,"column":12},"end":{"line":106,"column":48}},"27":{"start":{"line":107,"column":12},"end":{"line":107,"column":45}},"28":{"start":{"line":111,"column":8},"end":{"line":111,"column":71}},"29":{"start":{"line":112,"column":8},"end":{"line":112,"column":33}},"30":{"start":{"line":115,"column":8},"end":{"line":115,"column":23}},"31":{"start":{"line":118,"column":8},"end":{"line":118,"column":84}},"32":{"start":{"line":123,"column":0},"end":{"line":123,"column":41}}},"branchMap":{"1":{"line":47,"type":"if","locations":[{"start":{"line":47,"column":8},"end":{"line":47,"column":8}},{"start":{"line":47,"column":8},"end":{"line":47,"column":8}}]},"2":{"line":57,"type":"if","locations":[{"start":{"line":57,"column":8},"end":{"line":57,"column":8}},{"start":{"line":57,"column":8},"end":{"line":57,"column":8}}]},"3":{"line":78,"type":"if","locations":[{"start":{"line":78,"column":8},"end":{"line":78,"column":8}},{"start":{"line":78,"column":8},"end":{"line":78,"column":8}}]},"4":{"line":79,"type":"if","locations":[{"start":{"line":79,"column":12},"end":{"line":79,"column":12}},{"start":{"line":79,"column":12},"end":{"line":79,"column":12}}]},"5":{"line":85,"type":"if","locations":[{"start":{"line":85,"column":15},"end":{"line":85,"column":15}},{"start":{"line":85,"column":15},"end":{"line":85,"column":15}}]},"6":{"line":98,"type":"if","locations":[{"start":{"line":98,"column":8},"end":{"line":98,"column":8}},{"start":{"line":98,"column":8},"end":{"line":98,"column":8}}]},"7":{"line":105,"type":"if","locations":[{"start":{"line":105,"column":8},"end":{"line":105,"column":8}},{"start":{"line":105,"column":8},"end":{"line":105,"column":8}}]}}}}