TN:
SF:/Users/davidhignett/Documents/Talisman/node_modules/talisman/lib/talisman.js
FN:34,createTemplate
FN:53,(anonymous_2)
FN:74,(anonymous_3)
FN:93,(anonymous_4)
FN:113,(anonymous_5)
FN:133,(anonymous_6)
FN:159,(anonymous_7)
FN:179,(anonymous_8)
FN:200,(anonymous_9)
FN:218,(anonymous_10)
FN:231,(anonymous_11)
FN:271,createTemplateFromFile
FN:284,createTemplateFromString
FNF:13
FNH:13
FNDA:36,createTemplate
FNDA:2,(anonymous_2)
FNDA:2,(anonymous_3)
FNDA:1,(anonymous_4)
FNDA:30,(anonymous_5)
FNDA:5,(anonymous_6)
FNDA:6,(anonymous_7)
FNDA:1,(anonymous_8)
FNDA:1,(anonymous_9)
FNDA:2,(anonymous_10)
FNDA:34,(anonymous_11)
FNDA:3,createTemplateFromFile
FNDA:33,createTemplateFromString
DA:12,1
DA:13,1
DA:14,1
DA:16,1
DA:34,1
DA:35,36
DA:37,36
DA:38,36
DA:40,36
DA:54,2
DA:56,2
DA:57,2
DA:58,2
DA:61,0
DA:76,2
DA:77,2
DA:78,2
DA:81,2
DA:95,1
DA:96,1
DA:97,1
DA:100,1
DA:115,30
DA:116,30
DA:117,30
DA:120,30
DA:135,5
DA:136,5
DA:137,5
DA:140,5
DA:161,6
DA:162,6
DA:163,6
DA:166,6
DA:181,1
DA:182,1
DA:183,1
DA:186,1
DA:202,1
DA:203,1
DA:204,1
DA:207,1
DA:219,2
DA:233,34
DA:235,34
DA:237,34
DA:239,143
DA:242,34
DA:243,34
DA:244,1
DA:248,0
DA:249,0
DA:250,0
DA:258,36
DA:271,1
DA:272,3
DA:284,1
DA:285,33
DA:289,1
LF:59
LH:55
BRDA:57,1,0,2
BRDA:57,1,1,0
BRDA:77,2,0,2
BRDA:77,2,1,0
BRDA:96,3,0,1
BRDA:96,3,1,0
BRDA:116,4,0,30
BRDA:116,4,1,0
BRDA:136,5,0,5
BRDA:136,5,1,0
BRDA:162,6,0,6
BRDA:162,6,1,0
BRDA:182,7,0,1
BRDA:182,7,1,0
BRDA:203,8,0,1
BRDA:203,8,1,0
BRDA:243,9,0,1
BRDA:243,9,1,33
BRDA:249,10,0,0
BRDA:249,10,1,0
BRF:20
BRH:10
end_of_record
TN:
SF:/Users/davidhignett/Documents/Talisman/node_modules/talisman/lib/Block.js
FN:29,(anonymous_1)
FN:104,(anonymous_2)
FN:117,(anonymous_3)
FN:141,(anonymous_4)
FN:155,(anonymous_5)
FN:172,(anonymous_6)
FN:184,(anonymous_7)
FN:196,(anonymous_8)
FN:208,(anonymous_9)
FN:219,(anonymous_10)
FN:230,(anonymous_11)
FNF:11
FNH:11
FNDA:52,(anonymous_1)
FNDA:48,(anonymous_2)
FNDA:41,(anonymous_3)
FNDA:5,(anonymous_4)
FNDA:16,(anonymous_5)
FNDA:6,(anonymous_6)
FNDA:1,(anonymous_7)
FNDA:3,(anonymous_8)
FNDA:113,(anonymous_9)
FNDA:94,(anonymous_10)
FNDA:52,(anonymous_11)
DA:13,1
DA:32,52
DA:35,52
DA:39,52
DA:40,52
DA:43,52
DA:46,52
DA:49,52
DA:52,52
DA:55,52
DA:56,52
DA:60,52
DA:63,52
DA:66,52
DA:69,52
DA:70,1
DA:71,1
DA:72,1
DA:78,52
DA:83,52
DA:85,14
DA:86,14
DA:88,14
DA:93,52
DA:105,96
DA:106,48
DA:119,41
DA:120,41
DA:121,1
DA:122,1
DA:125,40
DA:129,41
DA:142,5
DA:143,5
DA:156,16
DA:157,16
DA:158,16
DA:159,16
DA:173,6
DA:185,1
DA:197,3
DA:209,113
DA:220,94
DA:231,52
DA:236,1
LF:45
LH:45
BRDA:39,1,0,52
BRDA:39,1,1,36
BRDA:55,2,0,52
BRDA:55,2,1,36
BRDA:56,3,0,52
BRDA:56,3,1,36
BRDA:120,4,0,1
BRDA:120,4,1,40
BRF:8
BRH:8
end_of_record
TN:
SF:/Users/davidhignett/Documents/Talisman/node_modules/talisman/lib/Renderer.js
FN:36,(anonymous_1)
FN:49,createRowBlock
FN:91,(anonymous_3)
FN:118,(anonymous_4)
FN:144,(anonymous_5)
FN:157,(anonymous_6)
FN:168,(anonymous_7)
FN:187,(anonymous_8)
FN:242,(anonymous_9)
FNF:9
FNH:9
FNDA:63,(anonymous_1)
FNDA:11,createRowBlock
FNDA:8,(anonymous_3)
FNDA:5,(anonymous_4)
FNDA:470,(anonymous_5)
FNDA:340,(anonymous_6)
FNDA:8,(anonymous_7)
FNDA:277,(anonymous_8)
FNDA:200,(anonymous_9)
DA:12,1
DA:13,1
DA:14,1
DA:15,1
DA:39,63
DA:43,63
DA:48,63
DA:49,1
DA:52,11
DA:56,11
DA:59,11
DA:62,11
DA:63,11
DA:66,11
DA:67,11
DA:71,63
DA:72,63
DA:76,58
DA:77,58
DA:78,58
DA:81,0
DA:84,5
DA:90,2
DA:91,2
DA:94,8
DA:95,2
DA:99,6
DA:100,6
DA:103,6
DA:107,2
DA:109,3
DA:112,2
DA:113,1
DA:117,1
DA:118,1
DA:119,5
DA:120,5
DA:124,1
DA:129,1
DA:130,0
DA:133,2
DA:145,470
DA:146,470
DA:158,340
DA:169,8
DA:170,8
DA:171,8
DA:172,4
DA:174,8
DA:175,8
DA:176,1
DA:178,7
DA:188,277
DA:191,277
DA:192,136
DA:196,141
DA:197,3
DA:201,138
DA:202,16
DA:206,122
DA:207,15
DA:211,107
DA:212,73
DA:214,73
DA:217,7
DA:219,73
DA:223,34
DA:224,5
DA:228,29
DA:245,200
DA:246,1
DA:250,199
DA:255,199
DA:256,23
DA:260,176
DA:261,31
DA:262,0
DA:263,62
DA:267,145
DA:268,39
DA:273,145
DA:274,4
DA:275,6
DA:276,5
DA:282,145
DA:283,9
DA:287,145
DA:289,0
DA:294,1
LF:89
LH:85
BRDA:72,1,0,58
BRDA:72,1,1,5
BRDA:84,2,0,2
BRDA:84,2,1,3
BRDA:94,3,0,2
BRDA:94,3,1,6
BRDA:109,4,0,2
BRDA:109,4,1,1
BRDA:112,5,0,1
BRDA:112,5,1,1
BRDA:145,6,0,470
BRDA:145,6,1,444
BRDA:145,6,2,133
BRDA:158,7,0,340
BRDA:158,7,1,337
BRDA:171,8,0,4
BRDA:171,8,1,4
BRDA:175,9,0,1
BRDA:175,9,1,7
BRDA:191,10,0,136
BRDA:191,10,1,141
BRDA:196,11,0,3
BRDA:196,11,1,138
BRDA:201,12,0,16
BRDA:201,12,1,122
BRDA:201,13,0,138
BRDA:201,13,1,117
BRDA:206,14,0,15
BRDA:206,14,1,107
BRDA:211,15,0,73
BRDA:211,15,1,34
BRDA:211,16,0,107
BRDA:211,16,1,86
BRDA:214,17,0,7
BRDA:214,17,1,66
BRDA:223,18,0,5
BRDA:223,18,1,29
BRDA:245,19,0,1
BRDA:245,19,1,199
BRDA:255,20,0,23
BRDA:255,20,1,176
BRDA:255,21,0,199
BRDA:255,21,1,199
BRDA:260,22,0,31
BRDA:260,22,1,145
BRDA:267,23,0,39
BRDA:267,23,1,106
BRDA:267,24,0,145
BRDA:267,24,1,48
BRDA:273,25,0,4
BRDA:273,25,1,141
BRDA:275,26,0,5
BRDA:275,26,1,1
BRDA:282,27,0,9
BRDA:282,27,1,136
BRF:55
BRH:55
end_of_record
TN:
SF:/Users/davidhignett/Documents/Talisman/node_modules/talisman/lib/RenderQueue.js
FN:32,(anonymous_1)
FN:44,(anonymous_2)
FNF:2
FNH:2
FNDA:58,(anonymous_1)
FNDA:174,(anonymous_2)
DA:12,1
DA:33,58
DA:34,58
DA:47,174
DA:48,58
DA:52,116
DA:53,116
DA:57,116
DA:58,43
DA:59,43
DA:60,43
DA:64,73
DA:65,73
DA:78,73
DA:79,17
DA:80,16
DA:82,1
DA:83,1
DA:85,56
DA:86,1
DA:90,73
DA:98,73
DA:99,4
DA:100,4
DA:105,73
DA:106,7
DA:107,7
DA:111,73
DA:112,73
DA:115,73
DA:118,73
DA:123,1
LF:32
LH:32
BRDA:47,1,0,58
BRDA:47,1,1,116
BRDA:57,2,0,43
BRDA:57,2,1,73
BRDA:78,3,0,17
BRDA:78,3,1,56
BRDA:79,4,0,16
BRDA:79,4,1,1
BRDA:85,5,0,1
BRDA:85,5,1,55
BRDA:98,6,0,4
BRDA:98,6,1,69
BRDA:105,7,0,7
BRDA:105,7,1,66
BRF:14
BRH:14
end_of_record
